<?xml version="1.0" encoding="UTF-8"?>
<testng-results ignored="0" total="1" passed="1" failed="0" skipped="0">
  <reporter-output>
  </reporter-output>
  <suite started-at="2021-05-11T17:46:51 IST" name="Default suite" finished-at="2021-05-11T17:47:01 IST" duration-ms="10546">
    <groups>
    </groups>
    <test started-at="2021-05-11T17:46:51 IST" name="Default test" finished-at="2021-05-11T17:47:01 IST" duration-ms="10546">
      <class name="demo.XMLSchemaValidation">
        <test-method signature="XmlSchema()[pri:0, instance:demo.XMLSchemaValidation@2fd1433e]" started-at="2021-05-11T17:46:51 IST" name="XmlSchema" finished-at="2021-05-11T17:47:01 IST" duration-ms="10430" status="PASS">
          <reporter-output>
          </reporter-output>
        </test-method> <!-- XmlSchema -->
      </class> <!-- demo.XMLSchemaValidation -->
    </test> <!-- Default test -->
  </suite> <!-- Default suite -->
</testng-results>
