<?xml version="1.0" encoding="UTF-8"?>
<testng-results ignored="0" total="3" passed="3" failed="0" skipped="0">
  <reporter-output>
  </reporter-output>
  <suite started-at="2021-04-23T15:28:58 IST" name="Default suite" finished-at="2021-04-23T15:29:03 IST" duration-ms="4879">
    <groups>
    </groups>
    <test started-at="2021-04-23T15:28:58 IST" name="Default test" finished-at="2021-04-23T15:29:03 IST" duration-ms="4879">
      <class name="tests.PutPatchDeleteExamples">
        <test-method signature="testdelete()[pri:0, instance:tests.PutPatchDeleteExamples@29e495ff]" started-at="2021-04-23T15:28:58 IST" name="testdelete" finished-at="2021-04-23T15:29:01 IST" duration-ms="3136" status="PASS">
          <reporter-output>
          </reporter-output>
        </test-method> <!-- testdelete -->
        <test-method signature="testpatch()[pri:0, instance:tests.PutPatchDeleteExamples@29e495ff]" started-at="2021-04-23T15:29:01 IST" name="testpatch" finished-at="2021-04-23T15:29:02 IST" duration-ms="556" status="PASS">
          <reporter-output>
          </reporter-output>
        </test-method> <!-- testpatch -->
        <test-method signature="testput()[pri:0, instance:tests.PutPatchDeleteExamples@29e495ff]" started-at="2021-04-23T15:29:02 IST" name="testput" finished-at="2021-04-23T15:29:03 IST" duration-ms="1117" status="PASS">
          <reporter-output>
          </reporter-output>
        </test-method> <!-- testput -->
      </class> <!-- tests.PutPatchDeleteExamples -->
    </test> <!-- Default test -->
  </suite> <!-- Default suite -->
</testng-results>
