<?xml version="1.0" encoding="UTF-8"?>
<!-- Generated by org.testng.reporters.JUnitXMLReporter -->
<testsuite ignored="0" hostname="LIN51008647" failures="0" tests="3" name="Default test" time="4.879" errors="0" timestamp="2021-04-23T15:29:03 IST">
  <testcase classname="tests.PutPatchDeleteExamples" name="testdelete" time="3.136"/>
  <testcase classname="tests.PutPatchDeleteExamples" name="testpatch" time="0.556"/>
  <testcase classname="tests.PutPatchDeleteExamples" name="testput" time="1.117"/>
</testsuite> <!-- Default test -->
