<?xml version="1.0" encoding="UTF-8"?>
<!-- Generated by org.testng.reporters.JUnitXMLReporter -->
<testsuite ignored="0" hostname="LIN51008647" failures="0" tests="3" name="Default test" time="6.385" errors="0" timestamp="2021-07-20T16:42:38 IST">
  <testcase classname="Files.Dynamicjson" name="addbook" time="4.375"/>
  <testcase classname="Files.Dynamicjson" name="addbook" time="0.948"/>
  <testcase classname="Files.Dynamicjson" name="addbook" time="0.944"/>
</testsuite> <!-- Default test -->
