<?xml version="1.0" encoding="UTF-8"?>
<testng-results ignored="0" total="3" passed="3" failed="0" skipped="0">
  <reporter-output>
  </reporter-output>
  <suite started-at="2021-07-20T16:42:32 IST" name="Default suite" finished-at="2021-07-20T16:42:38 IST" duration-ms="6385">
    <groups>
    </groups>
    <test started-at="2021-07-20T16:42:32 IST" name="Default test" finished-at="2021-07-20T16:42:38 IST" duration-ms="6385">
      <class name="Files.Dynamicjson">
        <test-method signature="addbook(java.lang.String,java.lang.String)[pri:0, instance:Files.Dynamicjson@51dcb805]" started-at="2021-07-20T16:42:32 IST" name="addbook" data-provider="Booksdata" finished-at="2021-07-20T16:42:36 IST" duration-ms="4375" status="PASS">
          <params>
            <param index="0">
              <value>
                <![CDATA[abcd]]>
              </value>
            </param>
            <param index="1">
              <value>
                <![CDATA[2292]]>
              </value>
            </param>
          </params>
          <reporter-output>
          </reporter-output>
        </test-method> <!-- addbook -->
        <test-method signature="addbook(java.lang.String,java.lang.String)[pri:0, instance:Files.Dynamicjson@51dcb805]" started-at="2021-07-20T16:42:36 IST" name="addbook" data-provider="Booksdata" finished-at="2021-07-20T16:42:37 IST" duration-ms="948" status="PASS">
          <params>
            <param index="0">
              <value>
                <![CDATA[abcd]]>
              </value>
            </param>
            <param index="1">
              <value>
                <![CDATA[2294]]>
              </value>
            </param>
          </params>
          <reporter-output>
          </reporter-output>
        </test-method> <!-- addbook -->
        <test-method signature="addbook(java.lang.String,java.lang.String)[pri:0, instance:Files.Dynamicjson@51dcb805]" started-at="2021-07-20T16:42:37 IST" name="addbook" data-provider="Booksdata" finished-at="2021-07-20T16:42:38 IST" duration-ms="944" status="PASS">
          <params>
            <param index="0">
              <value>
                <![CDATA[abcd]]>
              </value>
            </param>
            <param index="1">
              <value>
                <![CDATA[2295]]>
              </value>
            </param>
          </params>
          <reporter-output>
          </reporter-output>
        </test-method> <!-- addbook -->
      </class> <!-- Files.Dynamicjson -->
    </test> <!-- Default test -->
  </suite> <!-- Default suite -->
</testng-results>
